<?xml version="1.0" encoding="UTF-8"?>
<testsuite xmlns:xsi="http://www.w3.org/2001/XMLSchema-instance" xsi:noNamespaceSchemaLocation="https://maven.apache.org/surefire/maven-failsafe-plugin/xsd/failsafe-test-report-3.0.xsd" version="3.0" name="com.test.sampleapp.integration.CucumberIntegrationIT" time="27.862" tests="7" errors="0" skipped="0" failures="0">
  <properties>
[...]
</properties>
  <testcase name="When the client calls /health" classname="Scenario: client makes call to GET /health" time="0.004"/>
  <testcase name="Then the client receives response status code of 200" classname="Scenario: client makes call to GET /health" time="0"/>
  <testcase name="Scenario: client makes call to GET /health" classname="Scenario: client makes call to GET /health" time="0.002"/>
  <testcase name="When the client calls /version" classname="Scenario: client makes call to GET /version" time="0"/>
  <testcase name="Then the client receives status code of 200" classname="Scenario: client makes call to GET /version" time="0"/>
  <testcase name="And the client receives server version 1.0" classname="Scenario: client makes call to GET /version" time="0"/>
  <testcase name="Scenario: client makes call to GET /version" classname="Scenario: client makes call to GET /version" time="0.001"/>
</testsuite>